<?xml version="1.0" encoding="UTF-8"?>
<testng-results ignored="0" total="3" passed="3" failed="0" skipped="0">
  <reporter-output>
  </reporter-output>
  <suite started-at="2022-06-13T18:40:57 IST" name="Default suite" finished-at="2022-06-13T18:41:05 IST" duration-ms="8003">
    <groups>
    </groups>
    <test started-at="2022-06-13T18:40:57 IST" name="Default test" finished-at="2022-06-13T18:41:05 IST" duration-ms="8003">
      <class name="com.facebook.Testing">
        <test-method signature="testOne()[pri:0, instance:com.facebook.Testing@9f116cc]" started-at="2022-06-13T18:40:57 IST" name="testOne" finished-at="2022-06-13T18:41:01 IST" duration-ms="3559" status="PASS">
          <reporter-output>
          </reporter-output>
        </test-method> <!-- testOne -->
        <test-method signature="testThree()[pri:0, instance:com.facebook.Testing@9f116cc]" started-at="2022-06-13T18:41:01 IST" name="testThree" finished-at="2022-06-13T18:41:03 IST" duration-ms="2190" status="PASS">
          <reporter-output>
          </reporter-output>
        </test-method> <!-- testThree -->
        <test-method signature="testTwo()[pri:0, instance:com.facebook.Testing@9f116cc]" started-at="2022-06-13T18:41:03 IST" name="testTwo" finished-at="2022-06-13T18:41:05 IST" duration-ms="2217" status="PASS">
          <reporter-output>
          </reporter-output>
        </test-method> <!-- testTwo -->
      </class> <!-- com.facebook.Testing -->
    </test> <!-- Default test -->
  </suite> <!-- Default suite -->
</testng-results>
