<?xml version="1.0" encoding="UTF-8"?>
<!-- Generated by org.testng.reporters.JUnitXMLReporter -->
<testsuite ignored="0" hostname="LAPTOP-69CS28LU" failures="0" tests="3" name="Default test" time="8.003" errors="0" timestamp="2022-06-13T18:41:05 IST">
  <testcase classname="com.facebook.Testing" name="testOne" time="3.559"/>
  <testcase classname="com.facebook.Testing" name="testThree" time="2.19"/>
  <testcase classname="com.facebook.Testing" name="testTwo" time="2.217"/>
</testsuite> <!-- Default test -->
